android/app/build/intermediates/manifest_merge_blame_file/release/manifest-merger-blame-release-report.txt
1<?xml version="1.0" encoding="utf-8"?>
2<manifest xmlns:android="http://schemas.android.com/apk/res/android"
3    package="com.jugol.bd"
4    android:versionCode="1"
5    android:versionName="1.0.0" >
6
7    <uses-sdk
8        android:minSdkVersion="21"
8-->src\main\AndroidManifest.xml
9        android:targetSdkVersion="33" />
9-->src\main\AndroidManifest.xml
10
11    <uses-permission android:name="android.permission.ACCESS_BACKGROUND_LOCATION" />
11-->src\main\AndroidManifest.xml:2:3-82
11-->src\main\AndroidManifest.xml:2:20-80
12    <uses-permission android:name="android.permission.ACCESS_COARSE_LOCATION" />
12-->src\main\AndroidManifest.xml:3:3-78
12-->src\main\AndroidManifest.xml:3:20-76
13    <uses-permission android:name="android.permission.ACCESS_FINE_LOCATION" />
13-->src\main\AndroidManifest.xml:4:3-76
13-->src\main\AndroidManifest.xml:4:20-74
14    <uses-permission android:name="android.permission.CAMERA" />
14-->src\main\AndroidManifest.xml:5:3-62
14-->src\main\AndroidManifest.xml:5:20-60
15    <uses-permission android:name="android.permission.FOREGROUND_SERVICE" />
15-->src\main\AndroidManifest.xml:6:3-74
15-->src\main\AndroidManifest.xml:6:20-72
16    <uses-permission android:name="android.permission.INTERNET" />
16-->src\main\AndroidManifest.xml:7:3-64
16-->src\main\AndroidManifest.xml:7:20-62
17    <uses-permission android:name="android.permission.READ_EXTERNAL_STORAGE" />
17-->src\main\AndroidManifest.xml:8:3-77
17-->src\main\AndroidManifest.xml:8:20-75
18    <uses-permission android:name="android.permission.READ_MEDIA_AUDIO" />
18-->src\main\AndroidManifest.xml:9:3-72
18-->src\main\AndroidManifest.xml:9:20-70
19    <uses-permission android:name="android.permission.READ_MEDIA_IMAGES" />
19-->src\main\AndroidManifest.xml:10:3-73
19-->src\main\AndroidManifest.xml:10:20-71
20    <uses-permission android:name="android.permission.READ_MEDIA_VIDEO" />
20-->src\main\AndroidManifest.xml:11:3-72
20-->src\main\AndroidManifest.xml:11:20-70
21    <uses-permission android:name="android.permission.RECORD_AUDIO" />
21-->src\main\AndroidManifest.xml:12:3-68
21-->src\main\AndroidManifest.xml:12:20-66
22    <uses-permission android:name="android.permission.SYSTEM_ALERT_WINDOW" />
22-->src\main\AndroidManifest.xml:13:3-75
22-->src\main\AndroidManifest.xml:13:20-73
23    <uses-permission android:name="android.permission.VIBRATE" />
23-->src\main\AndroidManifest.xml:14:3-63
23-->src\main\AndroidManifest.xml:14:20-61
24    <uses-permission android:name="android.permission.WAKE_LOCK" />
24-->src\main\AndroidManifest.xml:15:3-65
24-->src\main\AndroidManifest.xml:15:20-63
25    <uses-permission android:name="android.permission.WRITE_EXTERNAL_STORAGE" />
25-->src\main\AndroidManifest.xml:16:3-78
25-->src\main\AndroidManifest.xml:16:20-76
26    <uses-permission android:name="com.google.android.c2dm.permission.RECEIVE" />
26-->src\main\AndroidManifest.xml:17:3-79
26-->src\main\AndroidManifest.xml:17:20-77
27    <uses-permission android:name="com.jugol.bd.permission.C2D_MESSAGE" />
27-->src\main\AndroidManifest.xml:18:3-72
27-->src\main\AndroidManifest.xml:18:20-70
28
29    <queries>
29-->src\main\AndroidManifest.xml:19:3-25:13
30        <intent>
30-->src\main\AndroidManifest.xml:20:5-24:14
31            <action android:name="android.intent.action.VIEW" />
31-->src\main\AndroidManifest.xml:21:7-58
31-->src\main\AndroidManifest.xml:21:15-56
32
33            <category android:name="android.intent.category.BROWSABLE" />
33-->src\main\AndroidManifest.xml:22:7-67
33-->src\main\AndroidManifest.xml:22:17-65
34
35            <data android:scheme="https" />
35-->src\main\AndroidManifest.xml:23:7-37
35-->src\main\AndroidManifest.xml:23:13-35
36        </intent>
37        <!-- Query open documents -->
38        <intent>
38-->[:expo-file-system] AndroidManifest.xml:15:9-17:18
39            <action android:name="android.intent.action.OPEN_DOCUMENT_TREE" />
39-->[:expo-file-system] AndroidManifest.xml:16:13-79
39-->[:expo-file-system] AndroidManifest.xml:16:21-76
40        </intent>
41        <intent>
41-->[:expo-image-picker] AndroidManifest.xml:16:9-20:18
42
43            <!-- Required for picking images from the camera roll if targeting API 30 -->
44            <action android:name="android.media.action.IMAGE_CAPTURE" />
44-->[:expo-image-picker] AndroidManifest.xml:19:13-73
44-->[:expo-image-picker] AndroidManifest.xml:19:21-70
45        </intent>
46        <intent>
46-->[:expo-image-picker] AndroidManifest.xml:21:9-25:18
47
48            <!-- Required for picking images from the camera if targeting API 30 -->
49            <action android:name="android.media.action.ACTION_VIDEO_CAPTURE" />
49-->[:expo-image-picker] AndroidManifest.xml:24:13-80
49-->[:expo-image-picker] AndroidManifest.xml:24:21-77
50        </intent>
51
52        <package android:name="com.facebook.katana" /> <!-- Added to check the default browser that will host the AuthFlow. -->
52-->[com.facebook.android:facebook-common:15.2.0] AndroidManifest.xml:18:9-55
52-->[com.facebook.android:facebook-common:15.2.0] AndroidManifest.xml:18:18-52
53        <intent>
53-->[com.stripe:financial-connections:20.19.5] AndroidManifest.xml:13:9-17:18
54            <action android:name="android.intent.action.VIEW" />
54-->src\main\AndroidManifest.xml:21:7-58
54-->src\main\AndroidManifest.xml:21:15-56
55
56            <data android:scheme="http" />
56-->src\main\AndroidManifest.xml:23:7-37
56-->src\main\AndroidManifest.xml:23:13-35
57        </intent> <!-- Added to check if Chrome is installed for browser-based payment authentication (e.g. 3DS1). -->
58        <package android:name="com.android.chrome" />
58-->[com.stripe:payments-core:20.19.5] AndroidManifest.xml:11:9-54
58-->[com.stripe:payments-core:20.19.5] AndroidManifest.xml:11:18-51
59
60        <intent>
60-->[com.github.CanHub:Android-Image-Cropper:4.3.0] AndroidManifest.xml:10:9-16:18
61            <action android:name="android.intent.action.GET_CONTENT" />
61-->[com.github.CanHub:Android-Image-Cropper:4.3.0] AndroidManifest.xml:11:13-72
61-->[com.github.CanHub:Android-Image-Cropper:4.3.0] AndroidManifest.xml:11:21-69
62
63            <category android:name="android.intent.category.OPENABLE" />
63-->[com.github.CanHub:Android-Image-Cropper:4.3.0] AndroidManifest.xml:13:13-73
63-->[com.github.CanHub:Android-Image-Cropper:4.3.0] AndroidManifest.xml:13:23-70
64
65            <data android:mimeType="*/*" />
65-->src\main\AndroidManifest.xml:23:7-37
66        </intent> <!-- Needs to be explicitly declared on Android R+ -->
67        <package android:name="com.google.android.apps.maps" />
67-->[com.google.android.gms:play-services-maps:18.0.2] AndroidManifest.xml:33:9-64
67-->[com.google.android.gms:play-services-maps:18.0.2] AndroidManifest.xml:33:18-61
68    </queries>
69
70    <permission
70-->src\main\AndroidManifest.xml:26:3-103
71        android:name="com.jugol.bd.permission.C2D_MESSAGE"
71-->src\main\AndroidManifest.xml:26:15-65
72        android:protectionLevel="signature" />
72-->src\main\AndroidManifest.xml:26:66-101
73
74    <uses-permission android:name="android.permission.ACCESS_NETWORK_STATE" />
74-->[:react-native-community_netinfo] AndroidManifest.xml:7:5-79
74-->[:react-native-community_netinfo] AndroidManifest.xml:7:22-76
75    <uses-permission android:name="android.permission.ACCESS_WIFI_STATE" />
75-->[:react-native-community_netinfo] AndroidManifest.xml:8:5-76
75-->[:react-native-community_netinfo] AndroidManifest.xml:8:22-73
76    <uses-permission android:name="android.permission.MODIFY_AUDIO_SETTINGS" />
76-->[:react-native-agora] AndroidManifest.xml:10:5-80
76-->[:react-native-agora] AndroidManifest.xml:10:22-77
77    <uses-permission android:name="android.permission.BLUETOOTH" />
77-->[:react-native-agora] AndroidManifest.xml:13:5-68
77-->[:react-native-agora] AndroidManifest.xml:13:22-65
78    <uses-permission android:name="android.permission.POST_NOTIFICATIONS" />
78-->[com.google.firebase:firebase-messaging:23.1.2] AndroidManifest.xml:25:5-77
78-->[com.google.firebase:firebase-messaging:23.1.2] AndroidManifest.xml:25:22-74
79
80    <uses-feature
80-->[com.google.android.gms:play-services-maps:18.0.2] AndroidManifest.xml:26:5-28:35
81        android:glEsVersion="0x00020000"
81-->[com.google.android.gms:play-services-maps:18.0.2] AndroidManifest.xml:27:9-41
82        android:required="true" />
82-->[com.google.android.gms:play-services-maps:18.0.2] AndroidManifest.xml:28:9-32
83
84    <uses-permission android:name="com.google.android.gms.permission.AD_ID" />
84-->[com.facebook.android:facebook-core:15.2.0] AndroidManifest.xml:16:5-79
84-->[com.facebook.android:facebook-core:15.2.0] AndroidManifest.xml:16:22-76
85    <uses-permission android:name="android.permission.RECEIVE_BOOT_COMPLETED" />
85-->[androidx.work:work-runtime:2.8.0] AndroidManifest.xml:25:5-81
85-->[androidx.work:work-runtime:2.8.0] AndroidManifest.xml:25:22-78
86
87    <permission
87-->[androidx.core:core:1.9.0] AndroidManifest.xml:22:5-24:47
88        android:name="com.jugol.bd.DYNAMIC_RECEIVER_NOT_EXPORTED_PERMISSION"
88-->[androidx.core:core:1.9.0] AndroidManifest.xml:23:9-81
89        android:protectionLevel="signature" />
89-->[androidx.core:core:1.9.0] AndroidManifest.xml:24:9-44
90
91    <uses-permission android:name="com.jugol.bd.DYNAMIC_RECEIVER_NOT_EXPORTED_PERMISSION" />
91-->[androidx.core:core:1.9.0] AndroidManifest.xml:26:5-97
91-->[androidx.core:core:1.9.0] AndroidManifest.xml:26:22-94
92    <uses-permission android:name="android.permission.USE_FULL_SCREEN_INTENT" />
92-->[app.notifee:core:202108261754] AndroidManifest.xml:16:5-81
92-->[app.notifee:core:202108261754] AndroidManifest.xml:16:22-78
93    <uses-permission android:name="android.permission.SCHEDULE_EXACT_ALARM" />
93-->[app.notifee:core:202108261754] AndroidManifest.xml:17:5-79
93-->[app.notifee:core:202108261754] AndroidManifest.xml:17:22-76
94    <uses-permission
94-->[app.notifee:core:202108261754] AndroidManifest.xml:18:5-20:38
95        android:name="android.permission.BROADCAST_CLOSE_SYSTEM_DIALOGS"
95-->[app.notifee:core:202108261754] AndroidManifest.xml:19:9-73
96        android:maxSdkVersion="30" /> <!-- For Xiaomi devices to enable heads-up notifications as default (https://github.com/invertase/notifee/issues/296) -->
96-->[app.notifee:core:202108261754] AndroidManifest.xml:20:9-35
97    <uses-permission
97-->[app.notifee:core:202108261754] AndroidManifest.xml:22:5-24:38
98        android:name="android.permission.ACCESS_NOTIFICATION_POLICY"
98-->[app.notifee:core:202108261754] AndroidManifest.xml:23:9-69
99        android:minSdkVersion="23" />
99-->[app.notifee:core:202108261754] AndroidManifest.xml:24:9-35
100    <uses-permission android:name="com.google.android.finsky.permission.BIND_GET_INSTALL_REFERRER_SERVICE" />
100-->[com.android.installreferrer:installreferrer:1.0] AndroidManifest.xml:9:5-110
100-->[com.android.installreferrer:installreferrer:1.0] AndroidManifest.xml:9:22-107
101    <uses-permission android:name="com.google.android.providers.gsf.permission.READ_GSERVICES" />
101-->[io.nlopez.smartlocation:library:3.2.11] AndroidManifest.xml:15:5-98
101-->[io.nlopez.smartlocation:library:3.2.11] AndroidManifest.xml:15:22-95
102    <uses-permission android:name="com.google.android.gms.permission.ACTIVITY_RECOGNITION" />
102-->[io.nlopez.smartlocation:library:3.2.11] AndroidManifest.xml:16:5-94
102-->[io.nlopez.smartlocation:library:3.2.11] AndroidManifest.xml:16:22-91
103
104    <application
104-->src\main\AndroidManifest.xml:27:3-62:17
105        android:name="com.jugol.bd.MainApplication"
105-->src\main\AndroidManifest.xml:27:16-47
106        android:allowBackup="true"
106-->src\main\AndroidManifest.xml:27:162-188
107        android:appComponentFactory="androidx.core.app.CoreComponentFactory"
107-->[androidx.core:core:1.9.0] AndroidManifest.xml:28:18-86
108        android:icon="@mipmap/ic_launcher"
108-->src\main\AndroidManifest.xml:27:81-115
109        android:label="@string/app_name"
109-->src\main\AndroidManifest.xml:27:48-80
110        android:roundIcon="@mipmap/ic_launcher_round"
110-->src\main\AndroidManifest.xml:27:116-161
111        android:supportsRtl="true"
111-->[com.facebook.android:facebook-android-sdk:15.2.0] AndroidManifest.xml:16:18-44
112        android:theme="@style/AppTheme"
112-->src\main\AndroidManifest.xml:27:189-220
113        android:usesCleartextTraffic="true" >
113-->src\main\AndroidManifest.xml:27:221-256
114        <meta-data
114-->src\main\AndroidManifest.xml:28:5-101
115            android:name="com.facebook.sdk.AdvertiserIDCollectionEnabled"
115-->src\main\AndroidManifest.xml:28:16-77
116            android:value="false" />
116-->src\main\AndroidManifest.xml:28:78-99
117        <meta-data
117-->src\main\AndroidManifest.xml:29:5-103
118            android:name="com.facebook.sdk.ApplicationId"
118-->src\main\AndroidManifest.xml:29:16-61
119            android:value="@string/facebook_app_id" />
119-->src\main\AndroidManifest.xml:29:62-101
120        <meta-data
120-->src\main\AndroidManifest.xml:30:5-87
121            android:name="com.facebook.sdk.ApplicationName"
121-->src\main\AndroidManifest.xml:30:16-63
122            android:value="Jugol" />
122-->src\main\AndroidManifest.xml:30:64-85
123        <meta-data
123-->src\main\AndroidManifest.xml:31:5-87
124            android:name="com.facebook.sdk.AutoInitEnabled"
124-->src\main\AndroidManifest.xml:31:16-63
125            android:value="false" />
125-->src\main\AndroidManifest.xml:31:64-85
126        <meta-data
126-->src\main\AndroidManifest.xml:32:5-95
127            android:name="com.facebook.sdk.AutoLogAppEventsEnabled"
127-->src\main\AndroidManifest.xml:32:16-71
128            android:value="false" />
128-->src\main\AndroidManifest.xml:32:72-93
129        <meta-data
129-->src\main\AndroidManifest.xml:33:5-107
130            android:name="com.facebook.sdk.ClientToken"
130-->src\main\AndroidManifest.xml:33:16-59
131            android:value="@string/facebook_client_token" />
131-->src\main\AndroidManifest.xml:33:60-105
132        <meta-data
132-->src\main\AndroidManifest.xml:34:5-82
133            android:name="expo.modules.updates.ENABLED"
133-->src\main\AndroidManifest.xml:34:16-59
134            android:value="true" />
134-->src\main\AndroidManifest.xml:34:60-80
135        <meta-data
135-->src\main\AndroidManifest.xml:35:5-93
136            android:name="expo.modules.updates.EXPO_SDK_VERSION"
136-->src\main\AndroidManifest.xml:35:16-68
137            android:value="48.0.0" />
137-->src\main\AndroidManifest.xml:35:69-91
138        <meta-data
138-->src\main\AndroidManifest.xml:36:5-105
139            android:name="expo.modules.updates.EXPO_UPDATES_CHECK_ON_LAUNCH"
139-->src\main\AndroidManifest.xml:36:16-80
140            android:value="ALWAYS" />
140-->src\main\AndroidManifest.xml:36:81-103
141        <meta-data
141-->src\main\AndroidManifest.xml:37:5-99
142            android:name="expo.modules.updates.EXPO_UPDATES_LAUNCH_WAIT_MS"
142-->src\main\AndroidManifest.xml:37:16-79
143            android:value="0" />
143-->src\main\AndroidManifest.xml:37:80-97
144        <meta-data
144-->src\main\AndroidManifest.xml:38:5-119
145            android:name="expo.modules.updates.EXPO_UPDATE_URL"
145-->src\main\AndroidManifest.xml:38:16-67
146            android:value="https://exp.host/@jugol_app/Jugol" />
146-->src\main\AndroidManifest.xml:38:68-117
147
148        <activity
148-->src\main\AndroidManifest.xml:39:5-52:16
149            android:name="com.jugol.bd.MainActivity"
149-->src\main\AndroidManifest.xml:39:15-43
150            android:configChanges="keyboard|keyboardHidden|orientation|screenSize|uiMode"
150-->src\main\AndroidManifest.xml:39:77-154
151            android:exported="true"
151-->src\main\AndroidManifest.xml:39:273-296
152            android:label="@string/app_name"
152-->src\main\AndroidManifest.xml:39:44-76
153            android:launchMode="singleTask"
153-->src\main\AndroidManifest.xml:39:155-186
154            android:screenOrientation="portrait"
154-->src\main\AndroidManifest.xml:39:297-333
155            android:theme="@style/Theme.App.SplashScreen"
155-->src\main\AndroidManifest.xml:39:227-272
156            android:windowSoftInputMode="adjustPan" >
156-->src\main\AndroidManifest.xml:39:187-226
157            <intent-filter>
157-->src\main\AndroidManifest.xml:40:7-43:23
158                <action android:name="android.intent.action.MAIN" />
158-->src\main\AndroidManifest.xml:41:9-60
158-->src\main\AndroidManifest.xml:41:17-58
159
160                <category android:name="android.intent.category.LAUNCHER" />
160-->src\main\AndroidManifest.xml:42:9-68
160-->src\main\AndroidManifest.xml:42:19-66
161            </intent-filter>
162            <intent-filter>
162-->src\main\AndroidManifest.xml:44:7-51:23
163                <action android:name="android.intent.action.VIEW" />
163-->src\main\AndroidManifest.xml:21:7-58
163-->src\main\AndroidManifest.xml:21:15-56
164
165                <category android:name="android.intent.category.DEFAULT" />
165-->src\main\AndroidManifest.xml:46:9-67
165-->src\main\AndroidManifest.xml:46:19-65
166                <category android:name="android.intent.category.BROWSABLE" />
166-->src\main\AndroidManifest.xml:22:7-67
166-->src\main\AndroidManifest.xml:22:17-65
167
168                <data android:scheme="jugol" />
168-->src\main\AndroidManifest.xml:23:7-37
168-->src\main\AndroidManifest.xml:23:13-35
169                <data android:scheme="com.jugol.bd" />
169-->src\main\AndroidManifest.xml:23:7-37
169-->src\main\AndroidManifest.xml:23:13-35
170                <data android:scheme="fb127108596968889" />
170-->src\main\AndroidManifest.xml:23:7-37
170-->src\main\AndroidManifest.xml:23:13-35
171            </intent-filter>
172        </activity>
173        <activity
173-->src\main\AndroidManifest.xml:53:5-106
174            android:name="com.facebook.react.devsupport.DevSettingsActivity"
174-->src\main\AndroidManifest.xml:53:15-79
175            android:exported="false" />
175-->src\main\AndroidManifest.xml:53:80-104
176        <activity
176-->src\main\AndroidManifest.xml:54:5-61:16
177            android:name="com.facebook.CustomTabActivity"
177-->src\main\AndroidManifest.xml:54:15-60
178            android:exported="true" >
178-->src\main\AndroidManifest.xml:54:61-84
179            <intent-filter>
179-->src\main\AndroidManifest.xml:55:7-60:23
180                <action android:name="android.intent.action.VIEW" />
180-->src\main\AndroidManifest.xml:21:7-58
180-->src\main\AndroidManifest.xml:21:15-56
181
182                <category android:name="android.intent.category.DEFAULT" />
182-->src\main\AndroidManifest.xml:46:9-67
182-->src\main\AndroidManifest.xml:46:19-65
183                <category android:name="android.intent.category.BROWSABLE" />
183-->src\main\AndroidManifest.xml:22:7-67
183-->src\main\AndroidManifest.xml:22:17-65
184
185                <data android:scheme="@string/fb_login_protocol_scheme" />
185-->src\main\AndroidManifest.xml:23:7-37
185-->src\main\AndroidManifest.xml:23:13-35
186            </intent-filter>
187            <intent-filter>
187-->[com.facebook.android:facebook-common:15.2.0] AndroidManifest.xml:31:13-40:29
188                <action android:name="android.intent.action.VIEW" />
188-->src\main\AndroidManifest.xml:21:7-58
188-->src\main\AndroidManifest.xml:21:15-56
189
190                <category android:name="android.intent.category.DEFAULT" />
190-->src\main\AndroidManifest.xml:46:9-67
190-->src\main\AndroidManifest.xml:46:19-65
191                <category android:name="android.intent.category.BROWSABLE" />
191-->src\main\AndroidManifest.xml:22:7-67
191-->src\main\AndroidManifest.xml:22:17-65
192
193                <data
193-->src\main\AndroidManifest.xml:23:7-37
194                    android:host="cct.com.jugol.bd"
195                    android:scheme="fbconnect" />
195-->src\main\AndroidManifest.xml:23:13-35
196            </intent-filter>
197        </activity>
198
199        <provider
199-->[:notifee_react-native] AndroidManifest.xml:8:9-12:40
200            android:name="io.invertase.notifee.NotifeeInitProvider"
200-->[:notifee_react-native] AndroidManifest.xml:9:13-68
201            android:authorities="com.jugol.bd.notifee-init-provider"
201-->[:notifee_react-native] AndroidManifest.xml:10:13-73
202            android:exported="false"
202-->[:notifee_react-native] AndroidManifest.xml:11:13-37
203            android:initOrder="-100" /> <!-- Disable crashlytics by default so we can custom init with CrashlyticsNdk support -->
203-->[:notifee_react-native] AndroidManifest.xml:12:13-37
204        <meta-data
204-->[:react-native-firebase_crashlytics] AndroidManifest.xml:10:9-12:37
205            android:name="firebase_crashlytics_collection_enabled"
205-->[:react-native-firebase_crashlytics] AndroidManifest.xml:11:13-67
206            android:value="false" />
206-->[:react-native-firebase_crashlytics] AndroidManifest.xml:12:13-34
207
208        <provider
208-->[:react-native-firebase_crashlytics] AndroidManifest.xml:14:9-18:38
209            android:name="io.invertase.firebase.crashlytics.ReactNativeFirebaseCrashlyticsInitProvider"
209-->[:react-native-firebase_crashlytics] AndroidManifest.xml:15:13-104
210            android:authorities="com.jugol.bd.reactnativefirebasecrashlyticsinitprovider"
210-->[:react-native-firebase_crashlytics] AndroidManifest.xml:16:13-94
211            android:exported="false"
211-->[:react-native-firebase_crashlytics] AndroidManifest.xml:17:13-37
212            android:initOrder="98" />
212-->[:react-native-firebase_crashlytics] AndroidManifest.xml:18:13-35
213
214        <service
214-->[:react-native-firebase_messaging] AndroidManifest.xml:12:9-14:40
215            android:name="io.invertase.firebase.messaging.ReactNativeFirebaseMessagingHeadlessService"
215-->[:react-native-firebase_messaging] AndroidManifest.xml:13:13-103
216            android:exported="false" />
216-->[:react-native-firebase_messaging] AndroidManifest.xml:14:13-37
217        <service
217-->[:react-native-firebase_messaging] AndroidManifest.xml:15:9-21:19
218            android:name="io.invertase.firebase.messaging.ReactNativeFirebaseMessagingService"
218-->[:react-native-firebase_messaging] AndroidManifest.xml:16:13-95
219            android:exported="false" >
219-->[:react-native-firebase_messaging] AndroidManifest.xml:17:13-37
220            <intent-filter>
220-->[:react-native-firebase_messaging] AndroidManifest.xml:18:13-20:29
221                <action android:name="com.google.firebase.MESSAGING_EVENT" />
221-->[:react-native-firebase_messaging] AndroidManifest.xml:19:17-78
221-->[:react-native-firebase_messaging] AndroidManifest.xml:19:25-75
222            </intent-filter>
223        </service>
224
225        <receiver
225-->[:react-native-firebase_messaging] AndroidManifest.xml:23:9-30:20
226            android:name="io.invertase.firebase.messaging.ReactNativeFirebaseMessagingReceiver"
226-->[:react-native-firebase_messaging] AndroidManifest.xml:24:13-96
227            android:exported="true"
227-->[:react-native-firebase_messaging] AndroidManifest.xml:25:13-36
228            android:permission="com.google.android.c2dm.permission.SEND" >
228-->[:react-native-firebase_messaging] AndroidManifest.xml:26:13-73
229            <intent-filter>
229-->[:react-native-firebase_messaging] AndroidManifest.xml:27:13-29:29
230                <action android:name="com.google.android.c2dm.intent.RECEIVE" />
230-->[:react-native-firebase_messaging] AndroidManifest.xml:28:17-81
230-->[:react-native-firebase_messaging] AndroidManifest.xml:28:25-78
231            </intent-filter>
232        </receiver>
233
234        <meta-data
234-->[:react-native-firebase_messaging] AndroidManifest.xml:32:9-34:36
235            android:name="firebase_messaging_auto_init_enabled"
235-->[:react-native-firebase_messaging] AndroidManifest.xml:33:13-64
236            android:value="true" />
236-->[:react-native-firebase_messaging] AndroidManifest.xml:34:13-33
237        <meta-data
237-->[:react-native-firebase_messaging] AndroidManifest.xml:35:9-37:32
238            android:name="com.google.firebase.messaging.default_notification_channel_id"
238-->[:react-native-firebase_messaging] AndroidManifest.xml:36:13-89
239            android:value="" />
239-->[:react-native-firebase_messaging] AndroidManifest.xml:37:13-29
240        <meta-data
240-->[:react-native-firebase_messaging] AndroidManifest.xml:38:9-40:47
241            android:name="com.google.firebase.messaging.default_notification_color"
241-->[:react-native-firebase_messaging] AndroidManifest.xml:39:13-84
242            android:resource="@color/white" />
242-->[:react-native-firebase_messaging] AndroidManifest.xml:40:13-44
243        <meta-data
243-->[:react-native-firebase_app] AndroidManifest.xml:9:9-11:36
244            android:name="app_data_collection_default_enabled"
244-->[:react-native-firebase_app] AndroidManifest.xml:10:13-63
245            android:value="true" />
245-->[:react-native-firebase_app] AndroidManifest.xml:11:13-33
246
247        <service
247-->[:react-native-firebase_app] AndroidManifest.xml:13:9-21:19
248            android:name="com.google.firebase.components.ComponentDiscoveryService"
248-->[:react-native-firebase_app] AndroidManifest.xml:14:13-84
249            android:directBootAware="true"
249-->[:react-native-firebase_app] AndroidManifest.xml:15:13-43
250            android:exported="false" >
250-->[:react-native-firebase_app] AndroidManifest.xml:16:13-37
251            <meta-data
251-->[:react-native-firebase_app] AndroidManifest.xml:18:13-20:85
252                android:name="com.google.firebase.components:io.invertase.firebase.app.ReactNativeFirebaseAppRegistrar"
252-->[:react-native-firebase_app] AndroidManifest.xml:19:17-120
253                android:value="com.google.firebase.components.ComponentRegistrar" />
253-->[:react-native-firebase_app] AndroidManifest.xml:20:17-82
254            <meta-data
254-->[com.google.firebase:firebase-auth:21.1.0] AndroidManifest.xml:67:13-69:85
255                android:name="com.google.firebase.components:com.google.firebase.auth.FirebaseAuthRegistrar"
255-->[com.google.firebase:firebase-auth:21.1.0] AndroidManifest.xml:68:17-109
256                android:value="com.google.firebase.components.ComponentRegistrar" />
256-->[com.google.firebase:firebase-auth:21.1.0] AndroidManifest.xml:69:17-82
257            <meta-data
257-->[com.google.firebase:firebase-crashlytics-ndk:18.3.6] AndroidManifest.xml:34:13-36:85
258                android:name="com.google.firebase.components:com.google.firebase.crashlytics.ndk.CrashlyticsNdkRegistrar"
258-->[com.google.firebase:firebase-crashlytics-ndk:18.3.6] AndroidManifest.xml:35:17-122
259                android:value="com.google.firebase.components.ComponentRegistrar" />
259-->[com.google.firebase:firebase-crashlytics-ndk:18.3.6] AndroidManifest.xml:36:17-82
260            <meta-data
260-->[com.google.firebase:firebase-messaging:23.1.2] AndroidManifest.xml:55:13-57:85
261                android:name="com.google.firebase.components:com.google.firebase.messaging.FirebaseMessagingRegistrar"
261-->[com.google.firebase:firebase-messaging:23.1.2] AndroidManifest.xml:56:17-119
262                android:value="com.google.firebase.components.ComponentRegistrar" />
262-->[com.google.firebase:firebase-messaging:23.1.2] AndroidManifest.xml:57:17-82
263            <meta-data
263-->[com.google.firebase:firebase-crashlytics:18.3.6] AndroidManifest.xml:17:13-19:85
264                android:name="com.google.firebase.components:com.google.firebase.crashlytics.CrashlyticsRegistrar"
264-->[com.google.firebase:firebase-crashlytics:18.3.6] AndroidManifest.xml:18:17-115
265                android:value="com.google.firebase.components.ComponentRegistrar" />
265-->[com.google.firebase:firebase-crashlytics:18.3.6] AndroidManifest.xml:19:17-82
266            <meta-data
266-->[com.google.firebase:firebase-datatransport:18.1.7] AndroidManifest.xml:27:13-29:85
267                android:name="com.google.firebase.components:com.google.firebase.datatransport.TransportRegistrar"
267-->[com.google.firebase:firebase-datatransport:18.1.7] AndroidManifest.xml:28:17-115
268                android:value="com.google.firebase.components.ComponentRegistrar" />
268-->[com.google.firebase:firebase-datatransport:18.1.7] AndroidManifest.xml:29:17-82
269            <meta-data
269-->[com.google.firebase:firebase-installations:17.1.3] AndroidManifest.xml:17:13-19:85
270                android:name="com.google.firebase.components:com.google.firebase.installations.FirebaseInstallationsRegistrar"
270-->[com.google.firebase:firebase-installations:17.1.3] AndroidManifest.xml:18:17-127
271                android:value="com.google.firebase.components.ComponentRegistrar" />
271-->[com.google.firebase:firebase-installations:17.1.3] AndroidManifest.xml:19:17-82
272        </service>
273
274        <provider
274-->[:react-native-firebase_app] AndroidManifest.xml:23:9-27:38
275            android:name="io.invertase.firebase.app.ReactNativeFirebaseAppInitProvider"
275-->[:react-native-firebase_app] AndroidManifest.xml:24:13-88
276            android:authorities="com.jugol.bd.reactnativefirebaseappinitprovider"
276-->[:react-native-firebase_app] AndroidManifest.xml:25:13-86
277            android:exported="false"
277-->[:react-native-firebase_app] AndroidManifest.xml:26:13-37
278            android:initOrder="99" />
278-->[:react-native-firebase_app] AndroidManifest.xml:27:13-35
279        <provider
279-->[:react-native-image-picker] AndroidManifest.xml:8:9-16:20
280            android:name="com.imagepicker.ImagePickerProvider"
280-->[:react-native-image-picker] AndroidManifest.xml:9:13-63
281            android:authorities="com.jugol.bd.imagepickerprovider"
281-->[:react-native-image-picker] AndroidManifest.xml:10:13-71
282            android:exported="false"
282-->[:react-native-image-picker] AndroidManifest.xml:11:13-37